<?xml version="1.0" encoding="UTF-8"?>
<!-- Generated by org.testng.reporters.JUnitReportReporter -->
<testsuite hostname="DESKTOP-1ITF0V8" name="com.testcompany.project.Projectcafe.CafeTest" tests="1" failures="0" timestamp="25 Oct 2017 07:08:44 GMT" time="6.904" errors="0">
  <testcase name="TestMethod" time="6.904" classname="com.testcompany.project.Projectcafe.CafeTest"/>
</testsuite> <!-- com.testcompany.project.Projectcafe.CafeTest -->
